<?xml version="1.0" encoding="UTF-8"?>
<testng-results ignored="0" total="2" passed="2" failed="0" skipped="0">
  <reporter-output>
  </reporter-output>
  <suite started-at="2021-03-07T14:08:00 IST" name="Default suite" finished-at="2021-03-07T14:08:00 IST" duration-ms="126">
    <groups>
    </groups>
    <test started-at="2021-03-07T14:08:00 IST" name="Default test" finished-at="2021-03-07T14:08:00 IST" duration-ms="126">
      <class name="TestNg.firsttest">
        <test-method signature="demo()[pri:0, instance:TestNg.firsttest@fdefd3f]" started-at="2021-03-07T14:08:00 IST" name="demo" finished-at="2021-03-07T14:08:00 IST" duration-ms="23" status="PASS">
          <reporter-output>
          </reporter-output>
        </test-method> <!-- demo -->
        <test-method signature="demo1()[pri:0, instance:TestNg.firsttest@fdefd3f]" started-at="2021-03-07T14:08:00 IST" name="demo1" finished-at="2021-03-07T14:08:00 IST" duration-ms="6" status="PASS">
          <reporter-output>
          </reporter-output>
        </test-method> <!-- demo1 -->
      </class> <!-- TestNg.firsttest -->
    </test> <!-- Default test -->
  </suite> <!-- Default suite -->
</testng-results>
