<?xml version="1.0" encoding="UTF-8"?>
<testng-results ignored="0" total="1" passed="1" failed="0" skipped="0">
  <reporter-output>
  </reporter-output>
  <suite started-at="2021-03-11T21:50:45 IST" name="Default suite" finished-at="2021-03-11T21:51:24 IST" duration-ms="39139">
    <groups>
    </groups>
    <test started-at="2021-03-11T21:50:45 IST" name="Default test" finished-at="2021-03-11T21:51:24 IST" duration-ms="39139">
      <class name="rahulOrganization.BhimanP.Masters">
        <test-method signature="login()[pri:0, instance:rahulOrganization.BhimanP.Masters@2892dae4]" started-at="2021-03-11T21:50:45 IST" name="login" finished-at="2021-03-11T21:51:24 IST" duration-ms="39027" status="PASS">
          <reporter-output>
          </reporter-output>
        </test-method> <!-- login -->
      </class> <!-- rahulOrganization.BhimanP.Masters -->
    </test> <!-- Default test -->
  </suite> <!-- Default suite -->
</testng-results>
