<?xml version="1.0" encoding="UTF-8"?>
<testng-results ignored="0" total="1" passed="1" failed="0" skipped="0">
  <reporter-output>
  </reporter-output>
  <suite started-at="2021-03-09T21:26:57 IST" name="Default suite" finished-at="2021-03-09T21:26:57 IST" duration-ms="367">
    <groups>
    </groups>
    <test started-at="2021-03-09T21:26:57 IST" name="Default test" finished-at="2021-03-09T21:26:57 IST" duration-ms="367">
      <class name="P123456.IndvsSA">
        <test-method is-config="true" signature="Dream111()[pri:0, instance:P123456.IndvsSA@2d2ffcb7]" started-at="2021-03-09T21:26:57 IST" name="Dream111" finished-at="2021-03-09T21:26:57 IST" duration-ms="66" status="PASS">
          <reporter-output>
          </reporter-output>
        </test-method> <!-- Dream111 -->
        <test-method signature="Dream11()[pri:0, instance:P123456.IndvsSA@2d2ffcb7]" started-at="2021-03-09T21:26:57 IST" name="Dream11" finished-at="2021-03-09T21:26:57 IST" duration-ms="39" status="PASS">
          <reporter-output>
          </reporter-output>
        </test-method> <!-- Dream11 -->
        <test-method is-config="true" signature="Halaplay()[pri:0, instance:P123456.IndvsSA@2d2ffcb7]" started-at="2021-03-09T21:26:57 IST" name="Halaplay" finished-at="2021-03-09T21:26:57 IST" duration-ms="1" status="PASS">
          <reporter-output>
          </reporter-output>
        </test-method> <!-- Halaplay -->
      </class> <!-- P123456.IndvsSA -->
    </test> <!-- Default test -->
  </suite> <!-- Default suite -->
</testng-results>
