<?xml version="1.0" encoding="UTF-8"?>
<!-- Generated by org.testng.reporters.JUnitXMLReporter -->
<testsuite ignored="1" hostname="RAHUL-VAIO" failures="0" tests="6" name="Test" time="0.59" errors="0" timestamp="2021-02-09T15:06:03 IST">
  <testcase classname="TestNg.Class2" name="after" time="0.025"/>
  <testcase classname="TestNg.Mallu1" name="test2" time="0.003"/>
  <testcase classname="TestNg.Mallu1" name="test2" time="0.002"/>
  <testcase classname="TestNg.Mallu1" name="test2" time="0.003"/>
  <testcase classname="TestNg.Mallu1" name="test_01" time="0.002"/>
  <testcase classname="TestNg.firsttest" name="demo" time="0.002"/>
  <testcase classname="TestNg.firsttest" name="demo1" time="0.0">
    <ignored/>
  </testcase> <!-- demo1 -->
</testsuite> <!-- Test -->
