<?xml version="1.0" encoding="UTF-8"?>
<testng-results ignored="0" total="2" passed="2" failed="0" skipped="0">
  <reporter-output>
  </reporter-output>
  <suite started-at="2021-03-10T22:20:27 IST" name="Suite" finished-at="2021-03-10T22:22:14 IST" duration-ms="107060">
    <groups>
    </groups>
    <test started-at="2021-03-10T22:20:27 IST" name="Test" finished-at="2021-03-10T22:22:14 IST" duration-ms="107060">
      <class name="rahulOrganization.Testmaven.testingramework">
        <test-method signature="add()[pri:0, instance:rahulOrganization.Testmaven.testingramework@4dadd690]" started-at="2021-03-10T22:20:27 IST" name="add" finished-at="2021-03-10T22:20:27 IST" duration-ms="8" status="PASS">
          <reporter-output>
          </reporter-output>
        </test-method> <!-- add -->
        <test-method signature="firsttest()[pri:0, instance:rahulOrganization.Testmaven.testingramework@4dadd690]" started-at="2021-03-10T22:20:27 IST" name="firsttest" finished-at="2021-03-10T22:22:14 IST" duration-ms="106989" status="PASS">
          <reporter-output>
          </reporter-output>
        </test-method> <!-- firsttest -->
      </class> <!-- rahulOrganization.Testmaven.testingramework -->
    </test> <!-- Test -->
  </suite> <!-- Suite -->
</testng-results>
